<?xml version="1.0" encoding="UTF-8"?>
<!-- Generated by org.testng.reporters.JUnitReportReporter -->
<testsuite hostname="DESKTOP-2GB3AA6" failures="0" tests="2" name="com.learn.ignoretests.TestNGIgnoreDemo" time="0.025" errors="0" timestamp="2024-05-17T19:42:21 IST" skipped="1">
  <testcase classname="com.learn.ignoretests.TestNGIgnoreDemo" name="test2" time="0.025"/>
  <testcase classname="com.learn.ignoretests.TestNGIgnoreDemo" name="test1">
    <skipped/>
  </testcase> <!-- test1 -->
</testsuite> <!-- com.learn.ignoretests.TestNGIgnoreDemo -->
