<?xml version="1.0" encoding="UTF-8"?>
<!-- Generated by org.testng.reporters.JUnitReportReporter -->
<testsuite hostname="DESKTOP-2GB3AA6" failures="0" tests="2" name="com.learn.testpriority.TestNGListenterDemo" time="0.014" errors="0" timestamp="2024-04-27T20:23:49 IST" skipped="0">
  <testcase classname="com.learn.testpriority.TestNGListenterDemo" name="test2" time="0.012"/>
  <testcase classname="com.learn.testpriority.TestNGListenterDemo" name="test3" time="0.002"/>
</testsuite> <!-- com.learn.testpriority.TestNGListenterDemo -->
