<?xml version="1.0" encoding="UTF-8"?>
<!-- Generated by org.testng.reporters.JUnitReportReporter -->
<testsuite hostname="DESKTOP-2GB3AA6" failures="0" tests="1" name="com.learn.testngtest.ChromeBrowserTestTestNG1" time="2.647" errors="0" timestamp="2024-04-26T20:22:14 IST" skipped="0">
  <testcase classname="com.learn.testngtest.ChromeBrowserTestTestNG1" name="googleSearch" time="2.647"/>
</testsuite> <!-- com.learn.testngtest.ChromeBrowserTestTestNG1 -->
