<?xml version="1.0" encoding="UTF-8"?>
<!-- Generated by org.testng.reporters.JUnitReportReporter -->
<testsuite hostname="DESKTOP-2GB3AA6" failures="0" tests="1" name="com.learn.testngparameterize.TestNGParameterizeDemo" time="0.011" errors="0" timestamp="2024-04-28T14:31:43 IST" skipped="0">
  <testcase classname="com.learn.testngparameterize.TestNGParameterizeDemo" name="test" time="0.011"/>
</testsuite> <!-- com.learn.testngparameterize.TestNGParameterizeDemo -->
