<?xml version="1.0" encoding="UTF-8"?>
<!-- Generated by org.testng.reporters.JUnitReportReporter -->
<testsuite hostname="DESKTOP-2GB3AA6" failures="0" tests="1" name="com.learn.headless.HeadlessBrowserDemo" time="7.234" errors="0" timestamp="2024-05-21T09:41:57 IST" skipped="0">
  <testcase classname="com.learn.headless.HeadlessBrowserDemo" name="test" time="7.234"/>
</testsuite> <!-- com.learn.headless.HeadlessBrowserDemo -->
