<?xml version="1.0" encoding="UTF-8"?>
<!-- Generated by org.testng.reporters.JUnitReportReporter -->
<testsuite hostname="DESKTOP-2GB3AA6" failures="0" tests="1" name="com.learn.AutoIT.AutoITDemo" time="14.033" errors="0" timestamp="2024-05-22T06:35:31 IST" skipped="0">
  <testcase classname="com.learn.AutoIT.AutoITDemo" name="test1" time="14.033"/>
</testsuite> <!-- com.learn.AutoIT.AutoITDemo -->
