<?xml version="1.0" encoding="UTF-8"?>
<!-- Generated by org.testng.reporters.JUnitReportReporter -->
<testsuite hostname="DESKTOP-2GB3AA6" failures="0" tests="3" name="com.learn.testpriority.TestNGListenterDemo2" time="0.005" errors="0" timestamp="2024-05-22T15:04:05 IST" skipped="0">
  <testcase classname="com.learn.testpriority.TestNGListenterDemo2" name="test5" time="0.001"/>
  <testcase classname="com.learn.testpriority.TestNGListenterDemo2" name="test4" time="0.001"/>
  <testcase classname="com.learn.testpriority.TestNGListenterDemo2" name="test6" time="0.003"/>
</testsuite> <!-- com.learn.testpriority.TestNGListenterDemo2 -->
