<?xml version="1.0" encoding="UTF-8"?>
<!-- Generated by org.testng.reporters.JUnitReportReporter -->
<testsuite hostname="DESKTOP-2GB3AA6" failures="0" tests="1" name="com.learn.testngparameterize.TestNGParameterizeDemo" time="0.009" errors="0" timestamp="2024-05-22T15:04:05 IST" skipped="0">
  <testcase classname="com.learn.testngparameterize.TestNGParameterizeDemo" name="test" time="0.009"/>
</testsuite> <!-- com.learn.testngparameterize.TestNGParameterizeDemo -->
